# JRE version: Java(TM) SE Runtime Environment (8.0_181-b13) (build 1.8.0_181-b13)
# Java VM: Java HotSpot(TM) 64-Bit Server VM (25.181-b13 mixed mode windows-amd64 compressed oops)
Heap:
 PSYoungGen      total 123392K, used 22399K [0x000000076c600000, 0x0000000774980000, 0x00000007c0000000)
  eden space 112640K, 10% used [0x000000076c600000,0x000000076d162c98,0x0000000773400000)
  from space 10752K, 99% used [0x0000000773480000,0x0000000773efd198,0x0000000773f00000)
  to   space 8192K, 0% used [0x0000000774180000,0x0000000774180000,0x0000000774980000)
 ParOldGen       total 132608K, used 17104K [0x00000006c5200000, 0x00000006cd380000, 0x000000076c600000)
  object space 132608K, 12% used [0x00000006c5200000,0x00000006c62b40f0,0x00000006cd380000)
 Metaspace       used 42092K, capacity 44836K, committed 44928K, reserved 1087488K
  class space    used 5952K, capacity 6437K, committed 6528K, reserved 1048576K
GC Heap History (10 events):
Event: 3.230 GC heap before
{Heap before GC invocations=7 (full 1):
 PSYoungGen      total 75264K, used 69968K [0x000000076c600000, 0x0000000774c80000, 0x00000007c0000000)
  eden space 64512K, 100% used [0x000000076c600000,0x0000000770500000,0x0000000770500000)
  from space 10752K, 50% used [0x0000000770500000,0x0000000770a542f8,0x0000000770f80000)
  to   space 11264K, 0% used [0x0000000774180000,0x0000000774180000,0x0000000774c80000)
 ParOldGen       total 83968K, used 6660K [0x00000006c5200000, 0x00000006ca400000, 0x000000076c600000)
  object space 83968K, 7% used [0x00000006c5200000,0x00000006c5881388,0x00000006ca400000)
 Metaspace       used 26552K, capacity 28058K, committed 28160K, reserved 1073152K
  class space    used 3735K, capacity 4052K, committed 4096K, reserved 1048576K
Event: 3.236 GC heap after
Heap after GC invocations=7 (full 1):
 PSYoungGen      total 120832K, used 7869K [0x000000076c600000, 0x0000000774980000, 0x00000007c0000000)
  eden space 112640K, 0% used [0x000000076c600000,0x000000076c600000,0x0000000773400000)
  from space 8192K, 96% used [0x0000000774180000,0x000000077492f4b0,0x0000000774980000)
  to   space 10752K, 0% used [0x0000000773480000,0x0000000773480000,0x0000000773f00000)
 ParOldGen       total 83968K, used 6668K [0x00000006c5200000, 0x00000006ca400000, 0x000000076c600000)
  object space 83968K, 7% used [0x00000006c5200000,0x00000006c5883388,0x00000006ca400000)
 Metaspace       used 26552K, capacity 28058K, committed 28160K, reserved 1073152K
  class space    used 3735K, capacity 4052K, committed 4096K, reserved 1048576K
}
Event: 3.649 GC heap before
{Heap before GC invocations=8 (full 1):
 PSYoungGen      total 120832K, used 120509K [0x000000076c600000, 0x0000000774980000, 0x00000007c0000000)
  eden space 112640K, 100% used [0x000000076c600000,0x0000000773400000,0x0000000773400000)
  from space 8192K, 96% used [0x0000000774180000,0x000000077492f4b0,0x0000000774980000)
  to   space 10752K, 0% used [0x0000000773480000,0x0000000773480000,0x0000000773f00000)
 ParOldGen       total 83968K, used 6668K [0x00000006c5200000, 0x00000006ca400000, 0x000000076c600000)
  object space 83968K, 7% used [0x00000006c5200000,0x00000006c5883388,0x00000006ca400000)
 Metaspace       used 30237K, capacity 32248K, committed 32512K, reserved 1077248K
  class space    used 4185K, capacity 4575K, committed 4608K, reserved 1048576K
Event: 3.659 GC heap after
Heap after GC invocations=8 (full 1):
 PSYoungGen      total 123392K, used 9167K [0x000000076c600000, 0x0000000774980000, 0x00000007c0000000)
  eden space 112640K, 0% used [0x000000076c600000,0x000000076c600000,0x0000000773400000)
  from space 10752K, 85% used [0x0000000773480000,0x0000000773d73fb0,0x0000000773f00000)
  to   space 8192K, 0% used [0x0000000774180000,0x0000000774180000,0x0000000774980000)
 ParOldGen       total 83968K, used 6676K [0x00000006c5200000, 0x00000006ca400000, 0x000000076c600000)
  object space 83968K, 7% used [0x00000006c5200000,0x00000006c5885388,0x00000006ca400000)
 Metaspace       used 30237K, capacity 32248K, committed 32512K, reserved 1077248K
  class space    used 4185K, capacity 4575K, committed 4608K, reserved 1048576K
}
Event: 4.031 GC heap before
{Heap before GC invocations=9 (full 1):
 PSYoungGen      total 123392K, used 64203K [0x000000076c600000, 0x0000000774980000, 0x00000007c0000000)
  eden space 112640K, 48% used [0x000000076c600000,0x000000076fbbeff0,0x0000000773400000)
  from space 10752K, 85% used [0x0000000773480000,0x0000000773d73fb0,0x0000000773f00000)
  to   space 8192K, 0% used [0x0000000774180000,0x0000000774180000,0x0000000774980000)
 ParOldGen       total 83968K, used 6676K [0x00000006c5200000, 0x00000006ca400000, 0x000000076c600000)
  object space 83968K, 7% used [0x00000006c5200000,0x00000006c5885388,0x00000006ca400000)
 Metaspace       used 33206K, capacity 35384K, committed 35456K, reserved 1079296K
  class space    used 4568K, capacity 4979K, committed 4992K, reserved 1048576K
Event: 4.040 GC heap after
Heap after GC invocations=9 (full 1):
 PSYoungGen      total 120832K, used 8177K [0x000000076c600000, 0x0000000774980000, 0x00000007c0000000)
  eden space 112640K, 0% used [0x000000076c600000,0x000000076c600000,0x0000000773400000)
  from space 8192K, 99% used [0x0000000774180000,0x000000077497c7d8,0x0000000774980000)
  to   space 10752K, 0% used [0x0000000773480000,0x0000000773480000,0x0000000773f00000)
 ParOldGen       total 83968K, used 8802K [0x00000006c5200000, 0x00000006ca400000, 0x000000076c600000)
  object space 83968K, 10% used [0x00000006c5200000,0x00000006c5a98b78,0x00000006ca400000)
 Metaspace       used 33206K, capacity 35384K, committed 35456K, reserved 1079296K
  class space    used 4568K, capacity 4979K, committed 4992K, reserved 1048576K
}
Event: 4.040 GC heap before
{Heap before GC invocations=10 (full 2):
 PSYoungGen      total 120832K, used 8177K [0x000000076c600000, 0x0000000774980000, 0x00000007c0000000)
  eden space 112640K, 0% used [0x000000076c600000,0x000000076c600000,0x0000000773400000)
  from space 8192K, 99% used [0x0000000774180000,0x000000077497c7d8,0x0000000774980000)
  to   space 10752K, 0% used [0x0000000773480000,0x0000000773480000,0x0000000773f00000)
 ParOldGen       total 83968K, used 8802K [0x00000006c5200000, 0x00000006ca400000, 0x000000076c600000)
  object space 83968K, 10% used [0x00000006c5200000,0x00000006c5a98b78,0x00000006ca400000)
 Metaspace       used 33206K, capacity 35384K, committed 35456K, reserved 1079296K
  class space    used 4568K, capacity 4979K, committed 4992K, reserved 1048576K
Event: 4.123 GC heap after
Heap after GC invocations=10 (full 2):
 PSYoungGen      total 120832K, used 0K [0x000000076c600000, 0x0000000774980000, 0x00000007c0000000)
  eden space 112640K, 0% used [0x000000076c600000,0x000000076c600000,0x0000000773400000)
  from space 8192K, 0% used [0x0000000774180000,0x0000000774180000,0x0000000774980000)
  to   space 10752K, 0% used [0x0000000773480000,0x0000000773480000,0x0000000773f00000)
 ParOldGen       total 132608K, used 15125K [0x00000006c5200000, 0x00000006cd380000, 0x000000076c600000)
  object space 132608K, 11% used [0x00000006c5200000,0x00000006c60c54a8,0x00000006cd380000)
 Metaspace       used 33206K, capacity 35384K, committed 35456K, reserved 1079296K
  class space    used 4568K, capacity 4979K, committed 4992K, reserved 1048576K
}
Event: 4.670 GC heap before
{Heap before GC invocations=11 (full 2):
 PSYoungGen      total 120832K, used 112640K [0x000000076c600000, 0x0000000774980000, 0x00000007c0000000)
  eden space 112640K, 100% used [0x000000076c600000,0x0000000773400000,0x0000000773400000)
  from space 8192K, 0% used [0x0000000774180000,0x0000000774180000,0x0000000774980000)
  to   space 10752K, 0% used [0x0000000773480000,0x0000000773480000,0x0000000773f00000)
 ParOldGen       total 132608K, used 15125K [0x00000006c5200000, 0x00000006cd380000, 0x000000076c600000)
  object space 132608K, 11% used [0x00000006c5200000,0x00000006c60c54a8,0x00000006cd380000)
 Metaspace       used 41491K, capacity 44210K, committed 44288K, reserved 1087488K
  class space    used 5871K, capacity 6344K, committed 6400K, reserved 1048576K
Event: 4.678 GC heap after
Heap after GC invocations=11 (full 2):
 PSYoungGen      total 123392K, used 10740K [0x000000076c600000, 0x0000000774980000, 0x00000007c0000000)
  eden space 112640K, 0% used [0x000000076c600000,0x000000076c600000,0x0000000773400000)
  from space 10752K, 99% used [0x0000000773480000,0x0000000773efd198,0x0000000773f00000)
  to   space 8192K, 0% used [0x0000000774180000,0x0000000774180000,0x0000000774980000)
 ParOldGen       total 132608K, used 17104K [0x00000006c5200000, 0x00000006cd380000, 0x000000076c600000)
  object space 132608K, 12% used [0x00000006c5200000,0x00000006c62b40f0,0x00000006cd380000)
 Metaspace       used 41491K, capacity 44210K, committed 44288K, reserved 1087488K
  class space    used 5871K, capacity 6344K, committed 6400K, reserved 1048576K
}

