# JRE version: Java(TM) SE Runtime Environment (8.0_181-b13) (build 1.8.0_181-b13)
# Java VM: Java HotSpot(TM) 64-Bit Server VM (25.181-b13 mixed mode windows-amd64 compressed oops)
Heap:
 PSYoungGen      total 153600K, used 52964K [0x00000000f5580000, 0x0000000100000000, 0x0000000100000000)
  eden space 132608K, 24% used [0x00000000f5580000,0x00000000f74bb428,0x00000000fd700000)
  from space 20992K, 99% used [0x00000000fd700000,0x00000000feb7dd48,0x00000000feb80000)
  to   space 20992K, 0% used [0x00000000feb80000,0x00000000feb80000,0x0000000100000000)
 ParOldGen       total 175104K, used 47480K [0x00000000e0000000, 0x00000000eab00000, 0x00000000f5580000)
  object space 175104K, 27% used [0x00000000e0000000,0x00000000e2e5e028,0x00000000eab00000)
 Metaspace       used 54252K, capacity 57288K, committed 57344K, reserved 1097728K
  class space    used 7574K, capacity 8157K, committed 8192K, reserved 1048576K
GC Heap History (10 events):
Event: 5.139 GC heap before
{Heap before GC invocations=9 (full 2):
 PSYoungGen      total 119808K, used 7126K [0x00000000f5580000, 0x0000000100000000, 0x0000000100000000)
  eden space 107520K, 0% used [0x00000000f5580000,0x00000000f5580000,0x00000000fbe80000)
  from space 12288K, 57% used [0x00000000fbe80000,0x00000000fc575818,0x00000000fca80000)
  to   space 12288K, 0% used [0x00000000ff400000,0x00000000ff400000,0x0000000100000000)
 ParOldGen       total 175104K, used 7582K [0x00000000e0000000, 0x00000000eab00000, 0x00000000f5580000)
  object space 175104K, 4% used [0x00000000e0000000,0x00000000e0767b68,0x00000000eab00000)
 Metaspace       used 34407K, capacity 35440K, committed 35496K, reserved 1079296K
  class space    used 4824K, capacity 5076K, committed 5120K, reserved 1048576K
Event: 5.185 GC heap after
Heap after GC invocations=9 (full 2):
 PSYoungGen      total 119808K, used 0K [0x00000000f5580000, 0x0000000100000000, 0x0000000100000000)
  eden space 107520K, 0% used [0x00000000f5580000,0x00000000f5580000,0x00000000fbe80000)
  from space 12288K, 0% used [0x00000000fbe80000,0x00000000fbe80000,0x00000000fca80000)
  to   space 12288K, 0% used [0x00000000ff400000,0x00000000ff400000,0x0000000100000000)
 ParOldGen       total 175104K, used 13689K [0x00000000e0000000, 0x00000000eab00000, 0x00000000f5580000)
  object space 175104K, 7% used [0x00000000e0000000,0x00000000e0d5e798,0x00000000eab00000)
 Metaspace       used 34407K, capacity 35440K, committed 35496K, reserved 1079296K
  class space    used 4824K, capacity 5076K, committed 5120K, reserved 1048576K
}
Event: 6.047 GC heap before
{Heap before GC invocations=10 (full 2):
 PSYoungGen      total 119808K, used 107520K [0x00000000f5580000, 0x0000000100000000, 0x0000000100000000)
  eden space 107520K, 100% used [0x00000000f5580000,0x00000000fbe80000,0x00000000fbe80000)
  from space 12288K, 0% used [0x00000000fbe80000,0x00000000fbe80000,0x00000000fca80000)
  to   space 12288K, 0% used [0x00000000ff400000,0x00000000ff400000,0x0000000100000000)
 ParOldGen       total 175104K, used 13689K [0x00000000e0000000, 0x00000000eab00000, 0x00000000f5580000)
  object space 175104K, 7% used [0x00000000e0000000,0x00000000e0d5e798,0x00000000eab00000)
 Metaspace       used 39206K, capacity 41026K, committed 41088K, reserved 1085440K
  class space    used 5610K, capacity 5973K, committed 6016K, reserved 1048576K
Event: 6.053 GC heap after
Heap after GC invocations=10 (full 2):
 PSYoungGen      total 161280K, used 8696K [0x00000000f5580000, 0x00000000fff00000, 0x0000000100000000)
  eden space 150016K, 0% used [0x00000000f5580000,0x00000000f5580000,0x00000000fe800000)
  from space 11264K, 77% used [0x00000000ff400000,0x00000000ffc7e268,0x00000000fff00000)
  to   space 11776K, 0% used [0x00000000fe800000,0x00000000fe800000,0x00000000ff380000)
 ParOldGen       total 175104K, used 13697K [0x00000000e0000000, 0x00000000eab00000, 0x00000000f5580000)
  object space 175104K, 7% used [0x00000000e0000000,0x00000000e0d60798,0x00000000eab00000)
 Metaspace       used 39206K, capacity 41026K, committed 41088K, reserved 1085440K
  class space    used 5610K, capacity 5973K, committed 6016K, reserved 1048576K
}
Event: 7.723 GC heap before
{Heap before GC invocations=11 (full 2):
 PSYoungGen      total 161280K, used 158712K [0x00000000f5580000, 0x00000000fff00000, 0x0000000100000000)
  eden space 150016K, 100% used [0x00000000f5580000,0x00000000fe800000,0x00000000fe800000)
  from space 11264K, 77% used [0x00000000ff400000,0x00000000ffc7e268,0x00000000fff00000)
  to   space 11776K, 0% used [0x00000000fe800000,0x00000000fe800000,0x00000000ff380000)
 ParOldGen       total 175104K, used 13697K [0x00000000e0000000, 0x00000000eab00000, 0x00000000f5580000)
  object space 175104K, 7% used [0x00000000e0000000,0x00000000e0d60798,0x00000000eab00000)
 Metaspace       used 45034K, capacity 47510K, committed 47616K, reserved 1089536K
  class space    used 6398K, capacity 6894K, committed 6912K, reserved 1048576K
Event: 7.736 GC heap after
Heap after GC invocations=11 (full 2):
 PSYoungGen      total 161792K, used 11744K [0x00000000f5580000, 0x0000000100000000, 0x0000000100000000)
  eden space 150016K, 0% used [0x00000000f5580000,0x00000000f5580000,0x00000000fe800000)
  from space 11776K, 99% used [0x00000000fe800000,0x00000000ff378050,0x00000000ff380000)
  to   space 12800K, 0% used [0x00000000ff380000,0x00000000ff380000,0x0000000100000000)
 ParOldGen       total 175104K, used 18677K [0x00000000e0000000, 0x00000000eab00000, 0x00000000f5580000)
  object space 175104K, 10% used [0x00000000e0000000,0x00000000e123d5d8,0x00000000eab00000)
 Metaspace       used 45034K, capacity 47510K, committed 47616K, reserved 1089536K
  class space    used 6398K, capacity 6894K, committed 6912K, reserved 1048576K
}
Event: 10.032 GC heap before
{Heap before GC invocations=12 (full 2):
 PSYoungGen      total 161792K, used 161760K [0x00000000f5580000, 0x0000000100000000, 0x0000000100000000)
  eden space 150016K, 100% used [0x00000000f5580000,0x00000000fe800000,0x00000000fe800000)
  from space 11776K, 99% used [0x00000000fe800000,0x00000000ff378050,0x00000000ff380000)
  to   space 12800K, 0% used [0x00000000ff380000,0x00000000ff380000,0x0000000100000000)
 ParOldGen       total 175104K, used 18677K [0x00000000e0000000, 0x00000000eab00000, 0x00000000f5580000)
  object space 175104K, 10% used [0x00000000e0000000,0x00000000e123d5d8,0x00000000eab00000)
 Metaspace       used 50665K, capacity 53400K, committed 53504K, reserved 1095680K
  class space    used 7135K, capacity 7651K, committed 7680K, reserved 1048576K
Event: 10.049 GC heap after
Heap after GC invocations=12 (full 2):
 PSYoungGen      total 145408K, used 12769K [0x00000000f5580000, 0x0000000100000000, 0x0000000100000000)
  eden space 132608K, 0% used [0x00000000f5580000,0x00000000f5580000,0x00000000fd700000)
  from space 12800K, 99% used [0x00000000ff380000,0x00000000ffff8560,0x0000000100000000)
  to   space 20992K, 0% used [0x00000000fd700000,0x00000000fd700000,0x00000000feb80000)
 ParOldGen       total 175104K, used 33697K [0x00000000e0000000, 0x00000000eab00000, 0x00000000f5580000)
  object space 175104K, 19% used [0x00000000e0000000,0x00000000e20e8750,0x00000000eab00000)
 Metaspace       used 50665K, capacity 53400K, committed 53504K, reserved 1095680K
  class space    used 7135K, capacity 7651K, committed 7680K, reserved 1048576K
}
Event: 12.470 GC heap before
{Heap before GC invocations=13 (full 2):
 PSYoungGen      total 145408K, used 145377K [0x00000000f5580000, 0x0000000100000000, 0x0000000100000000)
  eden space 132608K, 100% used [0x00000000f5580000,0x00000000fd700000,0x00000000fd700000)
  from space 12800K, 99% used [0x00000000ff380000,0x00000000ffff8560,0x0000000100000000)
  to   space 20992K, 0% used [0x00000000fd700000,0x00000000fd700000,0x00000000feb80000)
 ParOldGen       total 175104K, used 33697K [0x00000000e0000000, 0x00000000eab00000, 0x00000000f5580000)
  object space 175104K, 19% used [0x00000000e0000000,0x00000000e20e8750,0x00000000eab00000)
 Metaspace       used 53990K, capacity 57004K, committed 57088K, reserved 1097728K
  class space    used 7565K, capacity 8145K, committed 8192K, reserved 1048576K
Event: 12.496 GC heap after
Heap after GC invocations=13 (full 2):
 PSYoungGen      total 153600K, used 20983K [0x00000000f5580000, 0x0000000100000000, 0x0000000100000000)
  eden space 132608K, 0% used [0x00000000f5580000,0x00000000f5580000,0x00000000fd700000)
  from space 20992K, 99% used [0x00000000fd700000,0x00000000feb7dd48,0x00000000feb80000)
  to   space 20992K, 0% used [0x00000000feb80000,0x00000000feb80000,0x0000000100000000)
 ParOldGen       total 175104K, used 47480K [0x00000000e0000000, 0x00000000eab00000, 0x00000000f5580000)
  object space 175104K, 27% used [0x00000000e0000000,0x00000000e2e5e028,0x00000000eab00000)
 Metaspace       used 53990K, capacity 57004K, committed 57088K, reserved 1097728K
  class space    used 7565K, capacity 8145K, committed 8192K, reserved 1048576K
}

